app/seeds.txt
com.paypal.android.sdk.payments.PayPalFuturePaymentActivity
com.razorpay.R$style: int Theme_AppCompat_Dialog_MinWidth
com.razorpay.R$color: int notification_action_color_filter
androidx.appcompat.R$drawable: int abc_ic_star_black_16dp
androidx.core.widget.NestedScrollView: float getVerticalScrollFactorCompat()
com.google.android.material.R$styleable: int NavigationView_itemShapeFillColor
com.google.android.material.R$dimen: int mtrl_btn_icon_btn_padding_left
com.google.android.material.R$styleable: int RecyclerView_layoutManager
com.razorpay.R$styleable: int AlertDialog_multiChoiceItemLayout
com.google.android.material.textfield.TextInputLayout: int getErrorCurrentTextColors()
com.razorpay.c__C_$13: java.lang.String G__G_
androidx.recyclerview.R$styleable: int[] ColorStateListItem
com.hotelclarksfood.model.LoginUser: int dCharge
com.razorpay.R$style: int Widget_AppCompat_Spinner
com.google.android.material.R$styleable: int MaterialButton_iconGravity
com.google.firebase.datatransport.TransportRegistrar
androidx.appcompat.R$id: int checked
com.razorpay.R$attr: int title
com.razorpay.R$drawable: int rzp_name_logo
com.google.android.material.chip.Chip: void setMaxLines(int)
com.google.android.material.chip.Chip: android.content.res.ColorStateList getRippleColor()
com.google.android.material.R$style: int Widget_AppCompat_Spinner_DropDown_ActionBar
com.onesignal.JobIntentService$CommandProcessor
androidx.appcompat.R$attr: int switchPadding
com.google.android.material.R$drawable: int abc_text_select_handle_left_mtrl_dark
com.razorpay.R$styleable: int AlertDialog_singleChoiceItemLayout
com.google.android.material.R$attr: int overlapAnchor
com.razorpay.AnalyticsConstants: java.lang.String ALREADY_GRANTED
com.google.android.material.R$id: int design_menu_item_action_area_stub
com.razorpay.R$drawable: int abc_btn_check_to_on_mtrl_015
com.razorpay.PluginOtpElfCheckoutPresenterImpl: void setUpAddOn()
com.google.android.material.chip.Chip: void setChecked(boolean)
com.razorpay.b_$A$$3
com.razorpay.RzpAssist: void reset()
com.google.android.material.R$id: int transition_layout_save
com.google.android.material.R$style: int ThemeOverlay_MaterialComponents_MaterialAlertDialog_Picker_Date_Header_Text_Day
com.razorpay.R$styleable: int AlertDialog_listItemLayout
androidx.appcompat.R$attr: int height
com.razorpay.R$styleable: int AppCompatTheme_textAppearanceSmallPopupMenu
butterknife.R$color
com.google.android.material.R$color: int notification_action_color_filter
com.razorpay.CircularProgressView$6
com.razorpay.AnalyticsConstants: java.lang.String UPI_APP_FROM_CUSTOM_CHOOSER
com.paypal.android.sdk.payments.PaymentConfirmation: android.os.Parcelable$Creator CREATOR
com.google.android.material.chip.Chip: void setIconEndPaddingResource(int)
androidx.appcompat.R$color: int abc_search_url_text_pressed
com.razorpay.g__v_: void Q_$2$(com.razorpay.r$_Y_)
com.google.android.material.chip.Chip: void setShowMotionSpecResource(int)
com.google.android.material.R$styleable: int AppCompatTheme_alertDialogButtonGroupStyle
com.google.android.material.R$styleable: int Badge_maxCharacterCount
com.google.android.material.R$id: int transition_current_scene
com.razorpay.Y$_o$: void d__1_(com.razorpay.Y$_o$,java.lang.String)
com.razorpay.t_$J_
androidx.media.AudioAttributesCompat
com.google.android.material.R$attr: int actionModeStyle
com.google.android.material.R$styleable: int MaterialCalendarItem_itemFillColor
com.google.android.material.card.MaterialCardView: void setBackgroundDrawable(android.graphics.drawable.Drawable)
androidx.appcompat.R$attr: int progressBarPadding
androidx.recyclerview.widget.RecyclerView: void access$100(androidx.recyclerview.widget.RecyclerView,int)
com.google.android.material.R$styleable: int SearchView_android_maxWidth
com.razorpay.Y$_o$$15: org.json.JSONObject Q_$2$
com.kofigyan.stateprogressbar.R$styleable: int ActionBar_itemPadding
com.google.android.gms.internal.measurement.zzbq$zzc: int zzc