app/unused.txt
androidx.print.PrintHelper$PrintUriAdapter$1
androidx.browser.R$style
com.google.gson.TypeAdapter:
    public final void toJson(java.io.Writer,java.lang.Object)
    public final java.lang.String toJson(java.lang.Object)
    public final java.lang.Object fromJson(java.io.Reader)
    public final java.lang.Object fromJson(java.lang.String)
    public final java.lang.Object fromJsonTree(com.google.gson.JsonElement)
androidx.media.session.MediaButtonReceiver$MediaButtonConnectionCallback
com.google.firebase.datatransport.R$styleable
androidx.core.app.NotificationCompat$BigTextStyle:
    public void <init>(androidx.core.app.NotificationCompat$Builder)
    public androidx.core.app.NotificationCompat$BigTextStyle setBigContentTitle(java.lang.CharSequence)
    public androidx.core.app.NotificationCompat$BigTextStyle setSummaryText(java.lang.CharSequence)
androidx.core.app.ActivityCompat$PermissionCompatDelegate:
    public abstract boolean requestPermissions(android.app.Activity,java.lang.String[],int)
androidx.annotation.AnyThread
androidx.browser.R
com.google.android.gms.dynamic.DeferredLifecycleHelper$zaa
androidx.appcompat.widget.AppCompatTextHelper:
    private static final int TEXT_FONT_WEIGHT_UNSPECIFIED
    private static final int SANS
    private static final int SERIF
    private static final int MONOSPACE
androidx.core.widget.ImageViewCompat:
    private void <init>()
androidx.transition.Styleable$Transition
androidx.core.widget.ContentLoadingProgressBar
com.google.android.material.internal.ViewUtils$1
androidx.vectordrawable.graphics.drawable.VectorDrawableCompat$VFullPath:
    public boolean canApplyTheme()
    public void applyTheme(android.content.res.Resources$Theme)
androidx.appcompat.widget.TooltipCompatHandler:
    private static final java.lang.String TAG
    private static final long LONG_CLICK_HIDE_TIMEOUT_MS
    private static final long HOVER_HIDE_TIMEOUT_MS
    private static final long HOVER_HIDE_TIMEOUT_SHORT_MS
com.google.android.gms.internal.measurement.zzgb:
    final java.util.List zza(java.lang.Object,long)
com.google.android.gms.common.internal.service.zad
androidx.appcompat.graphics.drawable.DrawableContainer:
    public void setEnterFadeDuration(int)
    public void setExitFadeDuration(int)
    public boolean isStateful()
    void setCurrentIndex(int)
    void clearMutated()
    private static final boolean DEBUG
    private static final java.lang.String TAG
    private static final boolean DEFAULT_DITHER
android.support.v4.media.MediaBrowserCompat$ConnectionCallback$StubApi21
com.google.android.gms.location.zzc
com.google.firebase.messaging.zzu:
    private final synchronized com.google.android.gms.tasks.Task zzc(java.lang.String)
    private static java.lang.String zza(java.lang.String,java.lang.String)
    final com.google.android.gms.tasks.Task zza(java.lang.String)
    final com.google.android.gms.tasks.Task zzb(java.lang.String)
androidx.media.MediaBrowserServiceCompat$MediaBrowserServiceImplApi21$3
com.crashlytics.android.BuildConfig
android.support.v4.media.session.MediaControllerCompatApi24$TransportControls
com.google.android.gms.internal.firebase_auth.zzkq
androidx.recyclerview.widget.BatchingListUpdateCallback
androidx.core.os.HandlerCompat
androidx.browser.customtabs.PostMessageServiceConnection
androidx.swiperefreshlayout.widget.SwipeRefreshLayout$5